[debug] [2021-05-05T19:34:38.201Z] ----------------------------------------------------------------------
[debug] [2021-05-05T19:34:38.207Z] Command:       /usr/local/bin/node /usr/local/bin/firebase emulators:start
[debug] [2021-05-05T19:34:38.207Z] CLI Version:   9.10.0
[debug] [2021-05-05T19:34:38.207Z] Platform:      darwin
[debug] [2021-05-05T19:34:38.207Z] Node Version:  v14.16.0
[debug] [2021-05-05T19:34:38.248Z] Time:          Wed May 05 2021 15:34:38 GMT-0400 (Eastern Daylight Time)
[debug] [2021-05-05T19:34:38.249Z] ----------------------------------------------------------------------
[debug] 
[debug] [2021-05-05T19:34:38.274Z] > command requires scopes: ["email","openid","https://www.googleapis.com/auth/cloudplatformprojects.readonly","https://www.googleapis.com/auth/firebase","https://www.googleapis.com/auth/cloud-platform"]
[debug] [2021-05-05T19:34:38.274Z] > authorizing via signed-in user (mmmason27@gmail.com)
[info] i  emulators: Starting emulators: functions, hosting {"metadata":{"emulator":{"name":"hub"},"message":"Starting emulators: functions, hosting"}}
[debug] [2021-05-05T19:34:38.448Z] [hub] writing locator at /var/folders/zz/p3plq9wx3xxg_nh62fzdnmzr0000gn/T/hub-reactsoloproject.json
[warn] ⚠  functions: The following emulators are not running, calls to these services from the Functions emulator will affect production: auth, firestore, database, pubsub {"metadata":{"emulator":{"name":"functions"},"message":"The following emulators are not running, calls to these services from the Functions emulator will affect production: \u001b[1mauth, firestore, database, pubsub\u001b[22m"}}
[warn] ⚠  Your requested "node" version "12" doesn't match your global version "14" {"metadata":{"emulator":{"name":"functions"},"message":"Your requested \"node\" version \"12\" doesn't match your global version \"14\""}}
[debug] [2021-05-05T19:34:38.653Z] defaultcredentials: writing to file /Users/meganmason/.config/firebase/mmmason27_gmail_com_application_default_credentials.json
[debug] [2021-05-05T19:34:38.675Z] Setting GAC to /Users/meganmason/.config/firebase/mmmason27_gmail_com_application_default_credentials.json {"metadata":{"emulator":{"name":"functions"},"message":"Setting GAC to /Users/meganmason/.config/firebase/mmmason27_gmail_com_application_default_credentials.json"}}
[debug] [2021-05-05T19:34:38.678Z] > refreshing access token with scopes: []
[debug] [2021-05-05T19:34:38.687Z] >>> HTTP REQUEST POST https://www.googleapis.com/oauth2/v3/token  
 <request body omitted>
[debug] [2021-05-05T19:34:38.878Z] <<< HTTP RESPONSE 200 {"expires":"Mon, 01 Jan 1990 00:00:00 GMT","cache-control":"no-cache, no-store, max-age=0, must-revalidate","pragma":"no-cache","date":"Wed, 05 May 2021 19:34:38 GMT","content-type":"application/json; charset=utf-8","vary":"X-Origin, Referer, Origin,Accept-Encoding","server":"scaffolding on HTTPServer2","x-xss-protection":"0","x-frame-options":"SAMEORIGIN","x-content-type-options":"nosniff","alt-svc":"h3-29=\":443\"; ma=2592000,h3-T051=\":443\"; ma=2592000,h3-Q050=\":443\"; ma=2592000,h3-Q046=\":443\"; ma=2592000,h3-Q043=\":443\"; ma=2592000,quic=\":443\"; ma=2592000; v=\"46,43\"","accept-ranges":"none","transfer-encoding":"chunked"}
[debug] [2021-05-05T19:34:38.994Z] >>> [apiv2][query] GET https://firebase.googleapis.com/v1beta1/projects/reactsoloproject/adminSdkConfig [none]
[debug] [2021-05-05T19:34:39.267Z] <<< [apiv2][status] GET https://firebase.googleapis.com/v1beta1/projects/reactsoloproject/adminSdkConfig 200
[debug] [2021-05-05T19:34:39.268Z] <<< [apiv2][body] GET https://firebase.googleapis.com/v1beta1/projects/reactsoloproject/adminSdkConfig {"projectId":"reactsoloproject","storageBucket":"reactsoloproject.appspot.com","locationId":"us-central"}
[debug] [2021-05-05T19:34:39.568Z] >>> [apiv2][query] GET https://firebase.googleapis.com/v1beta1/projects/reactsoloproject/webApps/-/config [none]
[debug] [2021-05-05T19:34:40.221Z] <<< [apiv2][status] GET https://firebase.googleapis.com/v1beta1/projects/reactsoloproject/webApps/-/config 200
[debug] [2021-05-05T19:34:40.222Z] <<< [apiv2][body] GET https://firebase.googleapis.com/v1beta1/projects/reactsoloproject/webApps/-/config {"projectId":"reactsoloproject","appId":"1:875316783732:web:0fbc1ecee24139be0f7f21","storageBucket":"reactsoloproject.appspot.com","locationId":"us-central","apiKey":"AIzaSyCRgStjCKH3jPUYihdGzcU1KbcE2Hi7Ytw","authDomain":"reactsoloproject.firebaseapp.com","messagingSenderId":"875316783732","measurementId":"G-VN2LZ45H6Y"}
[info] i  hosting: Serving hosting files from: build {"metadata":{"emulator":{"name":"hosting"},"message":"Serving hosting files from: \u001b[1mbuild\u001b[22m"}}
[info] ✔  hosting: Local server: http://localhost:5000 {"metadata":{"emulator":{"name":"hosting"},"message":"Local server: \u001b[4m\u001b[1mhttp://localhost:5000\u001b[22m\u001b[24m"}}
[debug] [2021-05-05T19:34:40.586Z] Ignoring unsupported arg: auto_download {"metadata":{"emulator":{"name":"ui"},"message":"Ignoring unsupported arg: auto_download"}}
[debug] [2021-05-05T19:34:40.587Z] Ignoring unsupported arg: port {"metadata":{"emulator":{"name":"ui"},"message":"Ignoring unsupported arg: port"}}
[debug] [2021-05-05T19:34:40.587Z] Starting Emulator UI with command {"binary":"node","args":["/Users/meganmason/.cache/firebase/emulators/ui-v1.4.2/server.bundle.js"],"optionalArgs":[],"joinArgs":false} {"metadata":{"emulator":{"name":"ui"},"message":"Starting Emulator UI with command {\"binary\":\"node\",\"args\":[\"/Users/meganmason/.cache/firebase/emulators/ui-v1.4.2/server.bundle.js\"],\"optionalArgs\":[],\"joinArgs\":false}"}}
[info] i  ui: Emulator UI logging to ui-debug.log {"metadata":{"emulator":{"name":"ui"},"message":"Emulator UI logging to \u001b[1mui-debug.log\u001b[22m"}}
[debug] [2021-05-05T19:34:41.002Z] Web / API server started at http://localhost:4000
 {"metadata":{"emulator":{"name":"ui"},"message":"Web / API server started at http://localhost:4000\n"}}
[info] i  functions: Watching "/Users/meganmason/Desktop/reactSoloProject/client/functions" for Cloud Functions... {"metadata":{"emulator":{"name":"functions"},"message":"Watching \"/Users/meganmason/Desktop/reactSoloProject/client/functions\" for Cloud Functions..."}}
[debug] [2021-05-05T19:34:41.174Z] [worker-pool] addWorker(~diagnostic~) {"metadata":{"emulator":{"name":"functions"},"message":"[worker-pool] addWorker(~diagnostic~)"}}
[debug] [2021-05-05T19:34:41.174Z] [worker-pool] Adding worker with key ~diagnostic~, total=1 {"metadata":{"emulator":{"name":"functions"},"message":"[worker-pool] Adding worker with key ~diagnostic~, total=1"}}
[debug] [2021-05-05T19:34:41.175Z] [worker-pool] submitWork(triggerId=) {"metadata":{"emulator":{"name":"functions"},"message":"[worker-pool] submitWork(triggerId=)"}}
[debug] [2021-05-05T19:34:41.176Z] [worker-~diagnostic~-c120a2c5-d267-4eed-870a-41a26ccb7948]: Assigning socketPath: /var/folders/zz/p3plq9wx3xxg_nh62fzdnmzr0000gn/T/fire_emu_8965.sock {"metadata":{"emulator":{"name":"functions"},"message":"[worker-~diagnostic~-c120a2c5-d267-4eed-870a-41a26ccb7948]: Assigning socketPath: /var/folders/zz/p3plq9wx3xxg_nh62fzdnmzr0000gn/T/fire_emu_8965.sock"}}
[debug] [2021-05-05T19:34:41.176Z] [worker-~diagnostic~-c120a2c5-d267-4eed-870a-41a26ccb7948]: BUSY {"metadata":{"emulator":{"name":"functions"},"message":"[worker-~diagnostic~-c120a2c5-d267-4eed-870a-41a26ccb7948]: BUSY"}}
[debug] [2021-05-05T19:34:42.179Z] [runtime-status] [8965] Functions runtime initialized. {"cwd":"/Users/meganmason/Desktop/reactSoloProject/client/functions","node_version":"14.16.0"} {"metadata":{"emulator":{"name":"functions"},"message":"[runtime-status] [8965] Functions runtime initialized. {\"cwd\":\"/Users/meganmason/Desktop/reactSoloProject/client/functions\",\"node_version\":\"14.16.0\"}"}}
[debug] [2021-05-05T19:34:42.185Z] [runtime-status] [8965] Disabled runtime features: undefined {"metadata":{"emulator":{"name":"functions"},"message":"[runtime-status] [8965] Disabled runtime features: undefined"}}
[debug] [2021-05-05T19:34:42.189Z] [runtime-status] [8965] Resolved module firebase-admin {"declared":true,"installed":true,"version":"9.7.0","resolution":"/Users/meganmason/Desktop/reactSoloProject/client/functions/node_modules/firebase-admin/lib/index.js"} {"metadata":{"emulator":{"name":"functions"},"message":"[runtime-status] [8965] Resolved module firebase-admin {\"declared\":true,\"installed\":true,\"version\":\"9.7.0\",\"resolution\":\"/Users/meganmason/Desktop/reactSoloProject/client/functions/node_modules/firebase-admin/lib/index.js\"}"}}
[debug] [2021-05-05T19:34:42.192Z] [runtime-status] [8965] Resolved module firebase-functions {"declared":true,"installed":true,"version":"3.13.2","resolution":"/Users/meganmason/Desktop/reactSoloProject/client/functions/node_modules/firebase-functions/lib/index.js"} {"metadata":{"emulator":{"name":"functions"},"message":"[runtime-status] [8965] Resolved module firebase-functions {\"declared\":true,\"installed\":true,\"version\":\"3.13.2\",\"resolution\":\"/Users/meganmason/Desktop/reactSoloProject/client/functions/node_modules/firebase-functions/lib/index.js\"}"}}
[debug] [2021-05-05T19:34:42.200Z] [runtime-status] [8965] Resolved module firebase-functions {"declared":true,"installed":true,"version":"3.13.2","resolution":"/Users/meganmason/Desktop/reactSoloProject/client/functions/node_modules/firebase-functions/lib/index.js"} {"metadata":{"emulator":{"name":"functions"},"message":"[runtime-status] [8965] Resolved module firebase-functions {\"declared\":true,\"installed\":true,\"version\":\"3.13.2\",\"resolution\":\"/Users/meganmason/Desktop/reactSoloProject/client/functions/node_modules/firebase-functions/lib/index.js\"}"}}
[debug] [2021-05-05T19:34:42.204Z] [runtime-status] [8965] Outgoing network have been stubbed. [{"name":"http","status":"mocked"},{"name":"http","status":"mocked"},{"name":"https","status":"mocked"},{"name":"https","status":"mocked"},{"name":"net","status":"mocked"}] {"metadata":{"emulator":{"name":"functions"},"message":"[runtime-status] [8965] Outgoing network have been stubbed. [{\"name\":\"http\",\"status\":\"mocked\"},{\"name\":\"http\",\"status\":\"mocked\"},{\"name\":\"https\",\"status\":\"mocked\"},{\"name\":\"https\",\"status\":\"mocked\"},{\"name\":\"net\",\"status\":\"mocked\"}]"}}
[debug] [2021-05-05T19:34:42.205Z] [runtime-status] [8965] Resolved module firebase-functions {"declared":true,"installed":true,"version":"3.13.2","resolution":"/Users/meganmason/Desktop/reactSoloProject/client/functions/node_modules/firebase-functions/lib/index.js"} {"metadata":{"emulator":{"name":"functions"},"message":"[runtime-status] [8965] Resolved module firebase-functions {\"declared\":true,\"installed\":true,\"version\":\"3.13.2\",\"resolution\":\"/Users/meganmason/Desktop/reactSoloProject/client/functions/node_modules/firebase-functions/lib/index.js\"}"}}
[debug] [2021-05-05T19:34:42.406Z] [runtime-status] [8965] Checked functions.config() {"config":{}} {"metadata":{"emulator":{"name":"functions"},"message":"[runtime-status] [8965] Checked functions.config() {\"config\":{}}"}}
[debug] [2021-05-05T19:34:42.407Z] [runtime-status] [8965] firebase-functions has been stubbed. {"functionsResolution":{"declared":true,"installed":true,"version":"3.13.2","resolution":"/Users/meganmason/Desktop/reactSoloProject/client/functions/node_modules/firebase-functions/lib/index.js"}} {"metadata":{"emulator":{"name":"functions"},"message":"[runtime-status] [8965] firebase-functions has been stubbed. {\"functionsResolution\":{\"declared\":true,\"installed\":true,\"version\":\"3.13.2\",\"resolution\":\"/Users/meganmason/Desktop/reactSoloProject/client/functions/node_modules/firebase-functions/lib/index.js\"}}"}}
[debug] [2021-05-05T19:34:42.408Z] [runtime-status] [8965] Resolved module firebase-functions {"declared":true,"installed":true,"version":"3.13.2","resolution":"/Users/meganmason/Desktop/reactSoloProject/client/functions/node_modules/firebase-functions/lib/index.js"} {"metadata":{"emulator":{"name":"functions"},"message":"[runtime-status] [8965] Resolved module firebase-functions {\"declared\":true,\"installed\":true,\"version\":\"3.13.2\",\"resolution\":\"/Users/meganmason/Desktop/reactSoloProject/client/functions/node_modules/firebase-functions/lib/index.js\"}"}}
[debug] [2021-05-05T19:34:42.409Z] [runtime-status] [8965] Resolved module firebase-admin {"declared":true,"installed":true,"version":"9.7.0","resolution":"/Users/meganmason/Desktop/reactSoloProject/client/functions/node_modules/firebase-admin/lib/index.js"} {"metadata":{"emulator":{"name":"functions"},"message":"[runtime-status] [8965] Resolved module firebase-admin {\"declared\":true,\"installed\":true,\"version\":\"9.7.0\",\"resolution\":\"/Users/meganmason/Desktop/reactSoloProject/client/functions/node_modules/firebase-admin/lib/index.js\"}"}}
[debug] [2021-05-05T19:34:42.410Z] [runtime-status] [8965] Resolved module firebase-functions {"declared":true,"installed":true,"version":"3.13.2","resolution":"/Users/meganmason/Desktop/reactSoloProject/client/functions/node_modules/firebase-functions/lib/index.js"} {"metadata":{"emulator":{"name":"functions"},"message":"[runtime-status] [8965] Resolved module firebase-functions {\"declared\":true,\"installed\":true,\"version\":\"3.13.2\",\"resolution\":\"/Users/meganmason/Desktop/reactSoloProject/client/functions/node_modules/firebase-functions/lib/index.js\"}"}}
[debug] [2021-05-05T19:34:42.411Z] [runtime-status] [8965] firebase-admin has been stubbed. {"adminResolution":{"declared":true,"installed":true,"version":"9.7.0","resolution":"/Users/meganmason/Desktop/reactSoloProject/client/functions/node_modules/firebase-admin/lib/index.js"}} {"metadata":{"emulator":{"name":"functions"},"message":"[runtime-status] [8965] firebase-admin has been stubbed. {\"adminResolution\":{\"declared\":true,\"installed\":true,\"version\":\"9.7.0\",\"resolution\":\"/Users/meganmason/Desktop/reactSoloProject/client/functions/node_modules/firebase-admin/lib/index.js\"}}"}}
[debug] [2021-05-05T19:34:44.093Z] [runtime-status] [8965] initializeApp(DEFAULT) {"storageBucket":"reactsoloproject.appspot.com","projectId":"reactsoloproject"} {"metadata":{"emulator":{"name":"functions"},"message":"[runtime-status] [8965] initializeApp(DEFAULT) {\"storageBucket\":\"reactsoloproject.appspot.com\",\"projectId\":\"reactsoloproject\"}"}}
[info] ✔  functions[api]: http function initialized (http://localhost:5001/reactsoloproject/us-central1/api). {"metadata":{"emulator":{"name":"functions"},"message":"\u001b[1mhttp\u001b[22m function initialized (http://localhost:5001/reactsoloproject/us-central1/api)."}}
[info] 
┌─────────────────────────────────────────────────────────────┐
│ ✔  All emulators ready! It is now safe to connect your app. │
│ i  View Emulator UI at http://localhost:4000                │
└─────────────────────────────────────────────────────────────┘

┌───────────┬────────────────┬─────────────────────────────────┐
│ Emulator  │ Host:Port      │ View in Emulator UI             │
├───────────┼────────────────┼─────────────────────────────────┤
│ Functions │ localhost:5001 │ http://localhost:4000/functions │
├───────────┼────────────────┼─────────────────────────────────┤
│ Hosting   │ localhost:5000 │ n/a                             │
└───────────┴────────────────┴─────────────────────────────────┘
  Emulator Hub running at localhost:4400
  Other reserved ports: 4500

Issues? Report them at https://github.com/firebase/firebase-tools/issues and attach the *-debug.log files.
 
[debug] [2021-05-05T19:34:44.129Z] [worker-~diagnostic~-c120a2c5-d267-4eed-870a-41a26ccb7948]: IDLE {"metadata":{"emulator":{"name":"functions"},"message":"[worker-~diagnostic~-c120a2c5-d267-4eed-870a-41a26ccb7948]: IDLE"}}
[debug] [2021-05-05T19:35:07.915Z] [work-queue] {"queueLength":1,"workRunningCount":0}
[debug] [2021-05-05T19:35:07.942Z] [work-queue] {"queueLength":0,"workRunningCount":1}
[debug] [2021-05-05T19:35:07.944Z] Accepted request GET /reactsoloproject/us-central1/api --> api
[debug] [2021-05-05T19:35:07.968Z] [worker-pool] addWorker(api) {"metadata":{"emulator":{"name":"functions"},"message":"[worker-pool] addWorker(api)"}}
[debug] [2021-05-05T19:35:07.975Z] [worker-pool] Adding worker with key api, total=1 {"metadata":{"emulator":{"name":"functions"},"message":"[worker-pool] Adding worker with key api, total=1"}}
[debug] [2021-05-05T19:35:07.975Z] [worker-pool] submitWork(triggerId=api) {"metadata":{"emulator":{"name":"functions"},"message":"[worker-pool] submitWork(triggerId=api)"}}
[debug] [2021-05-05T19:35:07.976Z] [worker-api-611fe7a8-2f18-4154-9e46-0d9423ca47ae]: Assigning socketPath: /var/folders/zz/p3plq9wx3xxg_nh62fzdnmzr0000gn/T/fire_emu_8968.sock {"metadata":{"emulator":{"name":"functions"},"message":"[worker-api-611fe7a8-2f18-4154-9e46-0d9423ca47ae]: Assigning socketPath: /var/folders/zz/p3plq9wx3xxg_nh62fzdnmzr0000gn/T/fire_emu_8968.sock"}}
[debug] [2021-05-05T19:35:07.976Z] [worker-api-611fe7a8-2f18-4154-9e46-0d9423ca47ae]: BUSY {"metadata":{"emulator":{"name":"functions"},"message":"[worker-api-611fe7a8-2f18-4154-9e46-0d9423ca47ae]: BUSY"}}
[debug] [2021-05-05T19:35:09.403Z] [runtime-status] [8968] Functions runtime initialized. {"cwd":"/Users/meganmason/Desktop/reactSoloProject/client/functions","node_version":"14.16.0"} {"metadata":{"emulator":{"name":"functions"},"function":{"name":"api"},"message":"[runtime-status] [8968] Functions runtime initialized. {\"cwd\":\"/Users/meganmason/Desktop/reactSoloProject/client/functions\",\"node_version\":\"14.16.0\"}"}}
[debug] [2021-05-05T19:35:09.405Z] [runtime-status] [8968] Disabled runtime features: undefined {"metadata":{"emulator":{"name":"functions"},"function":{"name":"api"},"message":"[runtime-status] [8968] Disabled runtime features: undefined"}}
[debug] [2021-05-05T19:35:09.417Z] [runtime-status] [8968] Resolved module firebase-admin {"declared":true,"installed":true,"version":"9.7.0","resolution":"/Users/meganmason/Desktop/reactSoloProject/client/functions/node_modules/firebase-admin/lib/index.js"} {"metadata":{"emulator":{"name":"functions"},"function":{"name":"api"},"message":"[runtime-status] [8968] Resolved module firebase-admin {\"declared\":true,\"installed\":true,\"version\":\"9.7.0\",\"resolution\":\"/Users/meganmason/Desktop/reactSoloProject/client/functions/node_modules/firebase-admin/lib/index.js\"}"}}
[debug] [2021-05-05T19:35:09.421Z] [runtime-status] [8968] Resolved module firebase-functions {"declared":true,"installed":true,"version":"3.13.2","resolution":"/Users/meganmason/Desktop/reactSoloProject/client/functions/node_modules/firebase-functions/lib/index.js"} {"metadata":{"emulator":{"name":"functions"},"function":{"name":"api"},"message":"[runtime-status] [8968] Resolved module firebase-functions {\"declared\":true,\"installed\":true,\"version\":\"3.13.2\",\"resolution\":\"/Users/meganmason/Desktop/reactSoloProject/client/functions/node_modules/firebase-functions/lib/index.js\"}"}}
[debug] [2021-05-05T19:35:09.423Z] [runtime-status] [8968] Resolved module firebase-functions {"declared":true,"installed":true,"version":"3.13.2","resolution":"/Users/meganmason/Desktop/reactSoloProject/client/functions/node_modules/firebase-functions/lib/index.js"} {"metadata":{"emulator":{"name":"functions"},"function":{"name":"api"},"message":"[runtime-status] [8968] Resolved module firebase-functions {\"declared\":true,\"installed\":true,\"version\":\"3.13.2\",\"resolution\":\"/Users/meganmason/Desktop/reactSoloProject/client/functions/node_modules/firebase-functions/lib/index.js\"}"}}
[debug] [2021-05-05T19:35:09.426Z] [runtime-status] [8968] Outgoing network have been stubbed. [{"name":"http","status":"mocked"},{"name":"http","status":"mocked"},{"name":"https","status":"mocked"},{"name":"https","status":"mocked"},{"name":"net","status":"mocked"}] {"metadata":{"emulator":{"name":"functions"},"function":{"name":"api"},"message":"[runtime-status] [8968] Outgoing network have been stubbed. [{\"name\":\"http\",\"status\":\"mocked\"},{\"name\":\"http\",\"status\":\"mocked\"},{\"name\":\"https\",\"status\":\"mocked\"},{\"name\":\"https\",\"status\":\"mocked\"},{\"name\":\"net\",\"status\":\"mocked\"}]"}}
[debug] [2021-05-05T19:35:09.427Z] [runtime-status] [8968] Resolved module firebase-functions {"declared":true,"installed":true,"version":"3.13.2","resolution":"/Users/meganmason/Desktop/reactSoloProject/client/functions/node_modules/firebase-functions/lib/index.js"} {"metadata":{"emulator":{"name":"functions"},"function":{"name":"api"},"message":"[runtime-status] [8968] Resolved module firebase-functions {\"declared\":true,\"installed\":true,\"version\":\"3.13.2\",\"resolution\":\"/Users/meganmason/Desktop/reactSoloProject/client/functions/node_modules/firebase-functions/lib/index.js\"}"}}
[debug] [2021-05-05T19:35:09.623Z] [runtime-status] [8968] Checked functions.config() {"config":{}} {"metadata":{"emulator":{"name":"functions"},"function":{"name":"api"},"message":"[runtime-status] [8968] Checked functions.config() {\"config\":{}}"}}
[debug] [2021-05-05T19:35:09.623Z] [runtime-status] [8968] firebase-functions has been stubbed. {"functionsResolution":{"declared":true,"installed":true,"version":"3.13.2","resolution":"/Users/meganmason/Desktop/reactSoloProject/client/functions/node_modules/firebase-functions/lib/index.js"}} {"metadata":{"emulator":{"name":"functions"},"function":{"name":"api"},"message":"[runtime-status] [8968] firebase-functions has been stubbed. {\"functionsResolution\":{\"declared\":true,\"installed\":true,\"version\":\"3.13.2\",\"resolution\":\"/Users/meganmason/Desktop/reactSoloProject/client/functions/node_modules/firebase-functions/lib/index.js\"}}"}}
[debug] [2021-05-05T19:35:09.623Z] [runtime-status] [8968] Resolved module firebase-functions {"declared":true,"installed":true,"version":"3.13.2","resolution":"/Users/meganmason/Desktop/reactSoloProject/client/functions/node_modules/firebase-functions/lib/index.js"} {"metadata":{"emulator":{"name":"functions"},"function":{"name":"api"},"message":"[runtime-status] [8968] Resolved module firebase-functions {\"declared\":true,\"installed\":true,\"version\":\"3.13.2\",\"resolution\":\"/Users/meganmason/Desktop/reactSoloProject/client/functions/node_modules/firebase-functions/lib/index.js\"}"}}
[debug] [2021-05-05T19:35:09.625Z] [runtime-status] [8968] Resolved module firebase-admin {"declared":true,"installed":true,"version":"9.7.0","resolution":"/Users/meganmason/Desktop/reactSoloProject/client/functions/node_modules/firebase-admin/lib/index.js"} {"metadata":{"emulator":{"name":"functions"},"function":{"name":"api"},"message":"[runtime-status] [8968] Resolved module firebase-admin {\"declared\":true,\"installed\":true,\"version\":\"9.7.0\",\"resolution\":\"/Users/meganmason/Desktop/reactSoloProject/client/functions/node_modules/firebase-admin/lib/index.js\"}"}}
[debug] [2021-05-05T19:35:09.625Z] [runtime-status] [8968] Resolved module firebase-functions {"declared":true,"installed":true,"version":"3.13.2","resolution":"/Users/meganmason/Desktop/reactSoloProject/client/functions/node_modules/firebase-functions/lib/index.js"} {"metadata":{"emulator":{"name":"functions"},"function":{"name":"api"},"message":"[runtime-status] [8968] Resolved module firebase-functions {\"declared\":true,\"installed\":true,\"version\":\"3.13.2\",\"resolution\":\"/Users/meganmason/Desktop/reactSoloProject/client/functions/node_modules/firebase-functions/lib/index.js\"}"}}
[debug] [2021-05-05T19:35:09.626Z] [runtime-status] [8968] firebase-admin has been stubbed. {"adminResolution":{"declared":true,"installed":true,"version":"9.7.0","resolution":"/Users/meganmason/Desktop/reactSoloProject/client/functions/node_modules/firebase-admin/lib/index.js"}} {"metadata":{"emulator":{"name":"functions"},"function":{"name":"api"},"message":"[runtime-status] [8968] firebase-admin has been stubbed. {\"adminResolution\":{\"declared\":true,\"installed\":true,\"version\":\"9.7.0\",\"resolution\":\"/Users/meganmason/Desktop/reactSoloProject/client/functions/node_modules/firebase-admin/lib/index.js\"}}"}}
[debug] [2021-05-05T19:35:10.501Z] [runtime-status] [8968] initializeApp(DEFAULT) {"storageBucket":"reactsoloproject.appspot.com","projectId":"reactsoloproject"} {"metadata":{"emulator":{"name":"functions"},"function":{"name":"api"},"message":"[runtime-status] [8968] initializeApp(DEFAULT) {\"storageBucket\":\"reactsoloproject.appspot.com\",\"projectId\":\"reactsoloproject\"}"}}
[debug] [2021-05-05T19:35:10.511Z] [runtime-status] [8968] Trigger "api" has been found, beginning invocation! {"metadata":{"emulator":{"name":"functions"},"function":{"name":"api"},"message":"[runtime-status] [8968] Trigger \"api\" has been found, beginning invocation!"}}
[info] i  functions: Beginning execution of "api" {"metadata":{"emulator":{"name":"functions"},"function":{"name":"api"},"message":"Beginning execution of \"api\""}}
[debug] [2021-05-05T19:35:10.514Z] [runtime-status] [8968] triggerDefinition {"httpsTrigger":{},"name":"api","entryPoint":"api"} {"metadata":{"emulator":{"name":"functions"},"function":{"name":"api"},"message":"[runtime-status] [8968] triggerDefinition {\"httpsTrigger\":{},\"name\":\"api\",\"entryPoint\":\"api\"}"}}
[debug] [2021-05-05T19:35:10.515Z] [runtime-status] [8968] Running api in mode HTTPS {"metadata":{"emulator":{"name":"functions"},"function":{"name":"api"},"message":"[runtime-status] [8968] Running api in mode HTTPS"}}
[debug] [2021-05-05T19:35:10.522Z] [runtime-status] [8968] Attempting to listen to socketPath: /var/folders/zz/p3plq9wx3xxg_nh62fzdnmzr0000gn/T/fire_emu_8968.sock {"metadata":{"emulator":{"name":"functions"},"function":{"name":"api"},"message":"[runtime-status] [8968] Attempting to listen to socketPath: /var/folders/zz/p3plq9wx3xxg_nh62fzdnmzr0000gn/T/fire_emu_8968.sock"}}
[debug] [2021-05-05T19:35:10.536Z] [functions] Runtime ready! Sending request! {"metadata":{"emulator":{"name":"functions"},"message":"[functions] Runtime ready! Sending request!"}}
[debug] [2021-05-05T19:35:10.540Z] [functions] Got req.url=/reactsoloproject/us-central1/api, mapping to path=/ {"metadata":{"emulator":{"name":"functions"},"message":"[functions] Got req.url=/reactsoloproject/us-central1/api, mapping to path=/"}}
[debug] [2021-05-05T19:35:10.567Z] [runtime-status] [8968] Ephemeral server handling GET request {"metadata":{"emulator":{"name":"functions"},"function":{"name":"api"},"message":"[runtime-status] [8968] Ephemeral server handling GET request"}}
[debug] [2021-05-05T19:35:10.592Z] [runtime-status] [8968] Ephemeral server survived. {"metadata":{"emulator":{"name":"functions"},"function":{"name":"api"},"message":"[runtime-status] [8968] Ephemeral server survived."}}
[info] i  functions: Finished "api" in ~1s {"metadata":{"emulator":{"name":"functions"},"function":{"name":"api"},"message":"Finished \"api\" in ~1s"}}
[debug] [2021-05-05T19:35:10.601Z] [worker-api-611fe7a8-2f18-4154-9e46-0d9423ca47ae]: IDLE {"metadata":{"emulator":{"name":"functions"},"message":"[worker-api-611fe7a8-2f18-4154-9e46-0d9423ca47ae]: IDLE"}}
[debug] [2021-05-05T19:35:10.601Z] [work-queue] {"queueLength":0,"workRunningCount":0}
[debug] [2021-05-05T19:35:11.319Z] Functions emulator received unknown request at path /favicon.ico
[debug] [2021-05-05T19:42:50.499Z] [work-queue] {"queueLength":1,"workRunningCount":0}
[debug] [2021-05-05T19:42:50.520Z] [work-queue] {"queueLength":0,"workRunningCount":1}
[debug] [2021-05-05T19:42:50.719Z] Accepted request POST /reactsoloproject/us-central1/api/payments/create?total=133398 --> api
[debug] [2021-05-05T19:42:50.723Z] [worker-pool] submitWork(triggerId=api) {"metadata":{"emulator":{"name":"functions"},"message":"[worker-pool] submitWork(triggerId=api)"}}
[debug] [2021-05-05T19:42:50.741Z] [worker-api-611fe7a8-2f18-4154-9e46-0d9423ca47ae]: Assigning socketPath: /var/folders/zz/p3plq9wx3xxg_nh62fzdnmzr0000gn/T/fire_emu_8968.sock {"metadata":{"emulator":{"name":"functions"},"message":"[worker-api-611fe7a8-2f18-4154-9e46-0d9423ca47ae]: Assigning socketPath: /var/folders/zz/p3plq9wx3xxg_nh62fzdnmzr0000gn/T/fire_emu_8968.sock"}}
[debug] [2021-05-05T19:42:50.741Z] [worker-api-611fe7a8-2f18-4154-9e46-0d9423ca47ae]: BUSY {"metadata":{"emulator":{"name":"functions"},"message":"[worker-api-611fe7a8-2f18-4154-9e46-0d9423ca47ae]: BUSY"}}
[debug] [2021-05-05T19:42:50.788Z] [runtime-status] [8968] Trigger "api" has been found, beginning invocation! {"metadata":{"emulator":{"name":"functions"},"function":{"name":"api"},"message":"[runtime-status] [8968] Trigger \"api\" has been found, beginning invocation!"}}
[info] i  functions: Beginning execution of "api" {"metadata":{"emulator":{"name":"functions"},"function":{"name":"api"},"message":"Beginning execution of \"api\""}}
[debug] [2021-05-05T19:42:50.854Z] [runtime-status] [8968] triggerDefinition {"httpsTrigger":{},"name":"api","entryPoint":"api"} {"metadata":{"emulator":{"name":"functions"},"function":{"name":"api"},"message":"[runtime-status] [8968] triggerDefinition {\"httpsTrigger\":{},\"name\":\"api\",\"entryPoint\":\"api\"}"}}
[debug] [2021-05-05T19:42:50.866Z] [runtime-status] [8968] Running api in mode HTTPS {"metadata":{"emulator":{"name":"functions"},"function":{"name":"api"},"message":"[runtime-status] [8968] Running api in mode HTTPS"}}
[debug] [2021-05-05T19:42:50.886Z] [runtime-status] [8968] Attempting to listen to socketPath: /var/folders/zz/p3plq9wx3xxg_nh62fzdnmzr0000gn/T/fire_emu_8968.sock {"metadata":{"emulator":{"name":"functions"},"function":{"name":"api"},"message":"[runtime-status] [8968] Attempting to listen to socketPath: /var/folders/zz/p3plq9wx3xxg_nh62fzdnmzr0000gn/T/fire_emu_8968.sock"}}
[debug] [2021-05-05T19:42:50.967Z] [functions] Runtime ready! Sending request! {"metadata":{"emulator":{"name":"functions"},"message":"[functions] Runtime ready! Sending request!"}}
[debug] [2021-05-05T19:42:50.987Z] [functions] Got req.url=/reactsoloproject/us-central1/api/payments/create?total=133398, mapping to path=/payments/create?total=133398 {"metadata":{"emulator":{"name":"functions"},"message":"[functions] Got req.url=/reactsoloproject/us-central1/api/payments/create?total=133398, mapping to path=/payments/create?total=133398"}}
[debug] [2021-05-05T19:42:51.182Z] [runtime-status] [8968] Ephemeral server handling POST request {"metadata":{"emulator":{"name":"functions"},"function":{"name":"api"},"message":"[runtime-status] [8968] Ephemeral server handling POST request"}}
[info] >  Payment Request Received for this amount >>> 133398 {"user":"Payment Request Received for this amount >>> 133398","metadata":{"emulator":{"name":"functions"},"function":{"name":"api"},"message":"\u001b[90m> \u001b[39m Payment Request Received for this amount >>> 133398"}}
[debug] [2021-05-05T19:42:51.287Z] [runtime-status] [8968] Ephemeral server survived. {"metadata":{"emulator":{"name":"functions"},"function":{"name":"api"},"message":"[runtime-status] [8968] Ephemeral server survived."}}
[info] i  functions: Finished "api" in ~1s {"metadata":{"emulator":{"name":"functions"},"function":{"name":"api"},"message":"Finished \"api\" in ~1s"}}
[debug] [2021-05-05T19:42:52.188Z] [worker-api-611fe7a8-2f18-4154-9e46-0d9423ca47ae]: IDLE {"metadata":{"emulator":{"name":"functions"},"message":"[worker-api-611fe7a8-2f18-4154-9e46-0d9423ca47ae]: IDLE"}}
[debug] [2021-05-05T19:42:52.189Z] [work-queue] {"queueLength":0,"workRunningCount":0}
[debug] [2021-05-05T19:44:24.627Z] [work-queue] {"queueLength":1,"workRunningCount":0}
[debug] [2021-05-05T19:44:24.632Z] [work-queue] {"queueLength":0,"workRunningCount":1}
[debug] [2021-05-05T19:44:24.632Z] Accepted request POST /reactsoloproject/us-central1/api/payments/create?total=133398 --> api
[debug] [2021-05-05T19:44:24.634Z] [worker-pool] submitWork(triggerId=api) {"metadata":{"emulator":{"name":"functions"},"message":"[worker-pool] submitWork(triggerId=api)"}}
[debug] [2021-05-05T19:44:24.635Z] [worker-api-611fe7a8-2f18-4154-9e46-0d9423ca47ae]: Assigning socketPath: /var/folders/zz/p3plq9wx3xxg_nh62fzdnmzr0000gn/T/fire_emu_8968.sock {"metadata":{"emulator":{"name":"functions"},"message":"[worker-api-611fe7a8-2f18-4154-9e46-0d9423ca47ae]: Assigning socketPath: /var/folders/zz/p3plq9wx3xxg_nh62fzdnmzr0000gn/T/fire_emu_8968.sock"}}
[debug] [2021-05-05T19:44:24.635Z] [worker-api-611fe7a8-2f18-4154-9e46-0d9423ca47ae]: BUSY {"metadata":{"emulator":{"name":"functions"},"message":"[worker-api-611fe7a8-2f18-4154-9e46-0d9423ca47ae]: BUSY"}}
[debug] [2021-05-05T19:44:24.649Z] [runtime-status] [8968] Trigger "api" has been found, beginning invocation! {"metadata":{"emulator":{"name":"functions"},"function":{"name":"api"},"message":"[runtime-status] [8968] Trigger \"api\" has been found, beginning invocation!"}}
[info] i  functions: Beginning execution of "api" {"metadata":{"emulator":{"name":"functions"},"function":{"name":"api"},"message":"Beginning execution of \"api\""}}
[debug] [2021-05-05T19:44:24.658Z] [runtime-status] [8968] triggerDefinition {"httpsTrigger":{},"name":"api","entryPoint":"api"} {"metadata":{"emulator":{"name":"functions"},"function":{"name":"api"},"message":"[runtime-status] [8968] triggerDefinition {\"httpsTrigger\":{},\"name\":\"api\",\"entryPoint\":\"api\"}"}}
[debug] [2021-05-05T19:44:24.660Z] [runtime-status] [8968] Running api in mode HTTPS {"metadata":{"emulator":{"name":"functions"},"function":{"name":"api"},"message":"[runtime-status] [8968] Running api in mode HTTPS"}}
[debug] [2021-05-05T19:44:24.662Z] [runtime-status] [8968] Attempting to listen to socketPath: /var/folders/zz/p3plq9wx3xxg_nh62fzdnmzr0000gn/T/fire_emu_8968.sock {"metadata":{"emulator":{"name":"functions"},"function":{"name":"api"},"message":"[runtime-status] [8968] Attempting to listen to socketPath: /var/folders/zz/p3plq9wx3xxg_nh62fzdnmzr0000gn/T/fire_emu_8968.sock"}}
[debug] [2021-05-05T19:44:24.682Z] [functions] Runtime ready! Sending request! {"metadata":{"emulator":{"name":"functions"},"message":"[functions] Runtime ready! Sending request!"}}
[debug] [2021-05-05T19:44:24.690Z] [functions] Got req.url=/reactsoloproject/us-central1/api/payments/create?total=133398, mapping to path=/payments/create?total=133398 {"metadata":{"emulator":{"name":"functions"},"message":"[functions] Got req.url=/reactsoloproject/us-central1/api/payments/create?total=133398, mapping to path=/payments/create?total=133398"}}
[debug] [2021-05-05T19:44:24.718Z] [runtime-status] [8968] Ephemeral server handling POST request {"metadata":{"emulator":{"name":"functions"},"function":{"name":"api"},"message":"[runtime-status] [8968] Ephemeral server handling POST request"}}
[info] >  Payment Request Received for this amount >>> 133398 {"user":"Payment Request Received for this amount >>> 133398","metadata":{"emulator":{"name":"functions"},"function":{"name":"api"},"message":"\u001b[90m> \u001b[39m Payment Request Received for this amount >>> 133398"}}
[debug] [2021-05-05T19:44:24.734Z] [runtime-status] [8968] Ephemeral server survived. {"metadata":{"emulator":{"name":"functions"},"function":{"name":"api"},"message":"[runtime-status] [8968] Ephemeral server survived."}}
[info] i  functions: Finished "api" in ~1s {"metadata":{"emulator":{"name":"functions"},"function":{"name":"api"},"message":"Finished \"api\" in ~1s"}}
[debug] [2021-05-05T19:44:25.174Z] [worker-api-611fe7a8-2f18-4154-9e46-0d9423ca47ae]: IDLE {"metadata":{"emulator":{"name":"functions"},"message":"[worker-api-611fe7a8-2f18-4154-9e46-0d9423ca47ae]: IDLE"}}
[debug] [2021-05-05T19:44:25.174Z] [work-queue] {"queueLength":0,"workRunningCount":0}
[debug] [2021-05-05T19:44:49.634Z] [work-queue] {"queueLength":1,"workRunningCount":0}
[debug] [2021-05-05T19:44:49.638Z] [work-queue] {"queueLength":0,"workRunningCount":1}
[debug] [2021-05-05T19:44:49.639Z] Accepted request POST /reactsoloproject/us-central1/api/payments/create?total=133398 --> api
[debug] [2021-05-05T19:44:49.641Z] [worker-pool] submitWork(triggerId=api) {"metadata":{"emulator":{"name":"functions"},"message":"[worker-pool] submitWork(triggerId=api)"}}
[debug] [2021-05-05T19:44:49.643Z] [worker-api-611fe7a8-2f18-4154-9e46-0d9423ca47ae]: Assigning socketPath: /var/folders/zz/p3plq9wx3xxg_nh62fzdnmzr0000gn/T/fire_emu_8968.sock {"metadata":{"emulator":{"name":"functions"},"message":"[worker-api-611fe7a8-2f18-4154-9e46-0d9423ca47ae]: Assigning socketPath: /var/folders/zz/p3plq9wx3xxg_nh62fzdnmzr0000gn/T/fire_emu_8968.sock"}}
[debug] [2021-05-05T19:44:49.643Z] [worker-api-611fe7a8-2f18-4154-9e46-0d9423ca47ae]: BUSY {"metadata":{"emulator":{"name":"functions"},"message":"[worker-api-611fe7a8-2f18-4154-9e46-0d9423ca47ae]: BUSY"}}
[debug] [2021-05-05T19:44:49.651Z] [runtime-status] [8968] Trigger "api" has been found, beginning invocation! {"metadata":{"emulator":{"name":"functions"},"function":{"name":"api"},"message":"[runtime-status] [8968] Trigger \"api\" has been found, beginning invocation!"}}
[info] i  functions: Beginning execution of "api" {"metadata":{"emulator":{"name":"functions"},"function":{"name":"api"},"message":"Beginning execution of \"api\""}}
[debug] [2021-05-05T19:44:49.661Z] [runtime-status] [8968] triggerDefinition {"httpsTrigger":{},"name":"api","entryPoint":"api"} {"metadata":{"emulator":{"name":"functions"},"function":{"name":"api"},"message":"[runtime-status] [8968] triggerDefinition {\"httpsTrigger\":{},\"name\":\"api\",\"entryPoint\":\"api\"}"}}
[debug] [2021-05-05T19:44:49.661Z] [runtime-status] [8968] Running api in mode HTTPS {"metadata":{"emulator":{"name":"functions"},"function":{"name":"api"},"message":"[runtime-status] [8968] Running api in mode HTTPS"}}
[debug] [2021-05-05T19:44:49.665Z] [runtime-status] [8968] Attempting to listen to socketPath: /var/folders/zz/p3plq9wx3xxg_nh62fzdnmzr0000gn/T/fire_emu_8968.sock {"metadata":{"emulator":{"name":"functions"},"function":{"name":"api"},"message":"[runtime-status] [8968] Attempting to listen to socketPath: /var/folders/zz/p3plq9wx3xxg_nh62fzdnmzr0000gn/T/fire_emu_8968.sock"}}
[debug] [2021-05-05T19:44:49.687Z] [functions] Runtime ready! Sending request! {"metadata":{"emulator":{"name":"functions"},"message":"[functions] Runtime ready! Sending request!"}}
[debug] [2021-05-05T19:44:49.688Z] [functions] Got req.url=/reactsoloproject/us-central1/api/payments/create?total=133398, mapping to path=/payments/create?total=133398 {"metadata":{"emulator":{"name":"functions"},"message":"[functions] Got req.url=/reactsoloproject/us-central1/api/payments/create?total=133398, mapping to path=/payments/create?total=133398"}}
[debug] [2021-05-05T19:44:49.715Z] [runtime-status] [8968] Ephemeral server handling POST request {"metadata":{"emulator":{"name":"functions"},"function":{"name":"api"},"message":"[runtime-status] [8968] Ephemeral server handling POST request"}}
[info] >  Payment Request Received for this amount >>> 133398 {"user":"Payment Request Received for this amount >>> 133398","metadata":{"emulator":{"name":"functions"},"function":{"name":"api"},"message":"\u001b[90m> \u001b[39m Payment Request Received for this amount >>> 133398"}}
[debug] [2021-05-05T19:44:49.731Z] [runtime-status] [8968] Ephemeral server survived. {"metadata":{"emulator":{"name":"functions"},"function":{"name":"api"},"message":"[runtime-status] [8968] Ephemeral server survived."}}
[info] i  functions: Finished "api" in ~1s {"metadata":{"emulator":{"name":"functions"},"function":{"name":"api"},"message":"Finished \"api\" in ~1s"}}
[debug] [2021-05-05T19:44:50.018Z] [worker-api-611fe7a8-2f18-4154-9e46-0d9423ca47ae]: IDLE {"metadata":{"emulator":{"name":"functions"},"message":"[worker-api-611fe7a8-2f18-4154-9e46-0d9423ca47ae]: IDLE"}}
[debug] [2021-05-05T19:44:50.019Z] [work-queue] {"queueLength":0,"workRunningCount":0}
[debug] [2021-05-05T19:45:48.519Z] [work-queue] {"queueLength":1,"workRunningCount":0}
[debug] [2021-05-05T19:45:48.526Z] [work-queue] {"queueLength":0,"workRunningCount":1}
[debug] [2021-05-05T19:45:48.527Z] Accepted request POST /reactsoloproject/us-central1/api/payments/create?total=0 --> api
[debug] [2021-05-05T19:45:48.529Z] [worker-pool] submitWork(triggerId=api) {"metadata":{"emulator":{"name":"functions"},"message":"[worker-pool] submitWork(triggerId=api)"}}
[debug] [2021-05-05T19:45:48.530Z] [worker-api-611fe7a8-2f18-4154-9e46-0d9423ca47ae]: Assigning socketPath: /var/folders/zz/p3plq9wx3xxg_nh62fzdnmzr0000gn/T/fire_emu_8968.sock {"metadata":{"emulator":{"name":"functions"},"message":"[worker-api-611fe7a8-2f18-4154-9e46-0d9423ca47ae]: Assigning socketPath: /var/folders/zz/p3plq9wx3xxg_nh62fzdnmzr0000gn/T/fire_emu_8968.sock"}}
[debug] [2021-05-05T19:45:48.531Z] [worker-api-611fe7a8-2f18-4154-9e46-0d9423ca47ae]: BUSY {"metadata":{"emulator":{"name":"functions"},"message":"[worker-api-611fe7a8-2f18-4154-9e46-0d9423ca47ae]: BUSY"}}
[debug] [2021-05-05T19:45:48.538Z] [runtime-status] [8968] Trigger "api" has been found, beginning invocation! {"metadata":{"emulator":{"name":"functions"},"function":{"name":"api"},"message":"[runtime-status] [8968] Trigger \"api\" has been found, beginning invocation!"}}
[info] i  functions: Beginning execution of "api" {"metadata":{"emulator":{"name":"functions"},"function":{"name":"api"},"message":"Beginning execution of \"api\""}}
[debug] [2021-05-05T19:45:48.546Z] [runtime-status] [8968] triggerDefinition {"httpsTrigger":{},"name":"api","entryPoint":"api"} {"metadata":{"emulator":{"name":"functions"},"function":{"name":"api"},"message":"[runtime-status] [8968] triggerDefinition {\"httpsTrigger\":{},\"name\":\"api\",\"entryPoint\":\"api\"}"}}
[debug] [2021-05-05T19:45:48.586Z] [runtime-status] [8968] Running api in mode HTTPS {"metadata":{"emulator":{"name":"functions"},"function":{"name":"api"},"message":"[runtime-status] [8968] Running api in mode HTTPS"}}
[debug] [2021-05-05T19:45:48.587Z] [runtime-status] [8968] Attempting to listen to socketPath: /var/folders/zz/p3plq9wx3xxg_nh62fzdnmzr0000gn/T/fire_emu_8968.sock {"metadata":{"emulator":{"name":"functions"},"function":{"name":"api"},"message":"[runtime-status] [8968] Attempting to listen to socketPath: /var/folders/zz/p3plq9wx3xxg_nh62fzdnmzr0000gn/T/fire_emu_8968.sock"}}
[debug] [2021-05-05T19:45:48.594Z] [functions] Runtime ready! Sending request! {"metadata":{"emulator":{"name":"functions"},"message":"[functions] Runtime ready! Sending request!"}}
[debug] [2021-05-05T19:45:48.597Z] [functions] Got req.url=/reactsoloproject/us-central1/api/payments/create?total=0, mapping to path=/payments/create?total=0 {"metadata":{"emulator":{"name":"functions"},"message":"[functions] Got req.url=/reactsoloproject/us-central1/api/payments/create?total=0, mapping to path=/payments/create?total=0"}}
[debug] [2021-05-05T19:45:48.613Z] [runtime-status] [8968] Ephemeral server handling POST request {"metadata":{"emulator":{"name":"functions"},"function":{"name":"api"},"message":"[runtime-status] [8968] Ephemeral server handling POST request"}}
[debug] [2021-05-05T19:45:48.625Z] [runtime-status] [8968] Ephemeral server survived. {"metadata":{"emulator":{"name":"functions"},"function":{"name":"api"},"message":"[runtime-status] [8968] Ephemeral server survived."}}
[info] >  Payment Request Received for this amount >>> 0 {"user":"Payment Request Received for this amount >>> 0","metadata":{"emulator":{"name":"functions"},"function":{"name":"api"},"message":"\u001b[90m> \u001b[39m Payment Request Received for this amount >>> 0"}}
[info] >  (node:8968) UnhandledPromiseRejectionWarning: Error: This value must be greater than or equal to 1. {"user":"(node:8968) UnhandledPromiseRejectionWarning: Error: This value must be greater than or equal to 1.","metadata":{"emulator":{"name":"functions"},"function":{"name":"api"},"message":"\u001b[90m> \u001b[39m (node:8968) UnhandledPromiseRejectionWarning: Error: This value must be greater than or equal to 1."}}
[info] >      at Function.generate (/Users/meganmason/Desktop/reactSoloProject/client/functions/node_modules/stripe/lib/Error.js:40:16) {"user":"    at Function.generate (/Users/meganmason/Desktop/reactSoloProject/client/functions/node_modules/stripe/lib/Error.js:40:16)","metadata":{"emulator":{"name":"functions"},"function":{"name":"api"},"message":"\u001b[90m> \u001b[39m     at Function.generate (/Users/meganmason/Desktop/reactSoloProject/client/functions/node_modules/stripe/lib/Error.js:40:16)"}}
[info] >      at IncomingMessage.<anonymous> (/Users/meganmason/Desktop/reactSoloProject/client/functions/node_modules/stripe/lib/StripeResource.js:180:33) {"user":"    at IncomingMessage.<anonymous> (/Users/meganmason/Desktop/reactSoloProject/client/functions/node_modules/stripe/lib/StripeResource.js:180:33)","metadata":{"emulator":{"name":"functions"},"function":{"name":"api"},"message":"\u001b[90m> \u001b[39m     at IncomingMessage.<anonymous> (/Users/meganmason/Desktop/reactSoloProject/client/functions/node_modules/stripe/lib/StripeResource.js:180:33)"}}
[info] >      at Object.onceWrapper (events.js:421:28) {"user":"    at Object.onceWrapper (events.js:421:28)","metadata":{"emulator":{"name":"functions"},"function":{"name":"api"},"message":"\u001b[90m> \u001b[39m     at Object.onceWrapper (events.js:421:28)"}}
[info] >      at IncomingMessage.emit (events.js:327:22) {"user":"    at IncomingMessage.emit (events.js:327:22)","metadata":{"emulator":{"name":"functions"},"function":{"name":"api"},"message":"\u001b[90m> \u001b[39m     at IncomingMessage.emit (events.js:327:22)"}}
[info] >      at endReadableNT (internal/streams/readable.js:1327:12) {"user":"    at endReadableNT (internal/streams/readable.js:1327:12)","metadata":{"emulator":{"name":"functions"},"function":{"name":"api"},"message":"\u001b[90m> \u001b[39m     at endReadableNT (internal/streams/readable.js:1327:12)"}}
[info] >      at processTicksAndRejections (internal/process/task_queues.js:80:21) {"user":"    at processTicksAndRejections (internal/process/task_queues.js:80:21)","metadata":{"emulator":{"name":"functions"},"function":{"name":"api"},"message":"\u001b[90m> \u001b[39m     at processTicksAndRejections (internal/process/task_queues.js:80:21)"}}
[info] >  (Use `node --trace-warnings ...` to show where the warning was created) {"user":"(Use `node --trace-warnings ...` to show where the warning was created)","metadata":{"emulator":{"name":"functions"},"function":{"name":"api"},"message":"\u001b[90m> \u001b[39m (Use `node --trace-warnings ...` to show where the warning was created)"}}
[info] >  (node:8968) UnhandledPromiseRejectionWarning: Unhandled promise rejection. This error originated either by throwing inside of an async function without a catch block, or by rejecting a promise which was not handled with .catch(). To terminate the node process on unhandled promise rejection, use the CLI flag `--unhandled-rejections=strict` (see https://nodejs.org/api/cli.html#cli_unhandled_rejections_mode). (rejection id: 1) {"user":"(node:8968) UnhandledPromiseRejectionWarning: Unhandled promise rejection. This error originated either by throwing inside of an async function without a catch block, or by rejecting a promise which was not handled with .catch(). To terminate the node process on unhandled promise rejection, use the CLI flag `--unhandled-rejections=strict` (see https://nodejs.org/api/cli.html#cli_unhandled_rejections_mode). (rejection id: 1)","metadata":{"emulator":{"name":"functions"},"function":{"name":"api"},"message":"\u001b[90m> \u001b[39m (node:8968) UnhandledPromiseRejectionWarning: Unhandled promise rejection. This error originated either by throwing inside of an async function without a catch block, or by rejecting a promise which was not handled with .catch(). To terminate the node process on unhandled promise rejection, use the CLI flag `--unhandled-rejections=strict` (see https://nodejs.org/api/cli.html#cli_unhandled_rejections_mode). (rejection id: 1)"}}
[info] >  (node:8968) [DEP0018] DeprecationWarning: Unhandled promise rejections are deprecated. In the future, promise rejections that are not handled will terminate the Node.js process with a non-zero exit code. {"user":"(node:8968) [DEP0018] DeprecationWarning: Unhandled promise rejections are deprecated. In the future, promise rejections that are not handled will terminate the Node.js process with a non-zero exit code.","metadata":{"emulator":{"name":"functions"},"function":{"name":"api"},"message":"\u001b[90m> \u001b[39m (node:8968) [DEP0018] DeprecationWarning: Unhandled promise rejections are deprecated. In the future, promise rejections that are not handled will terminate the Node.js process with a non-zero exit code."}}
[debug] [2021-05-05T19:45:56.495Z] [work-queue] {"queueLength":1,"workRunningCount":1}
[debug] [2021-05-05T19:45:56.496Z] [work-queue] {"queueLength":0,"workRunningCount":2}
[debug] [2021-05-05T19:45:56.496Z] Accepted request POST /reactsoloproject/us-central1/api/payments/create?total=25096 --> api
[debug] [2021-05-05T19:45:56.537Z] [worker-pool] addWorker(api) {"metadata":{"emulator":{"name":"functions"},"message":"[worker-pool] addWorker(api)"}}
[debug] [2021-05-05T19:45:56.538Z] [worker-pool] Adding worker with key api, total=2 {"metadata":{"emulator":{"name":"functions"},"message":"[worker-pool] Adding worker with key api, total=2"}}
[debug] [2021-05-05T19:45:56.538Z] [worker-pool] submitWork(triggerId=api) {"metadata":{"emulator":{"name":"functions"},"message":"[worker-pool] submitWork(triggerId=api)"}}
[debug] [2021-05-05T19:45:56.539Z] [worker-api-4096149c-ae9b-4a83-b2d9-1d624c9dcae5]: Assigning socketPath: /var/folders/zz/p3plq9wx3xxg_nh62fzdnmzr0000gn/T/fire_emu_9172.sock {"metadata":{"emulator":{"name":"functions"},"message":"[worker-api-4096149c-ae9b-4a83-b2d9-1d624c9dcae5]: Assigning socketPath: /var/folders/zz/p3plq9wx3xxg_nh62fzdnmzr0000gn/T/fire_emu_9172.sock"}}
[debug] [2021-05-05T19:45:56.539Z] [worker-api-4096149c-ae9b-4a83-b2d9-1d624c9dcae5]: BUSY {"metadata":{"emulator":{"name":"functions"},"message":"[worker-api-4096149c-ae9b-4a83-b2d9-1d624c9dcae5]: BUSY"}}
[debug] [2021-05-05T19:45:58.466Z] [runtime-status] [9172] Functions runtime initialized. {"cwd":"/Users/meganmason/Desktop/reactSoloProject/client/functions","node_version":"14.16.0"} {"metadata":{"emulator":{"name":"functions"},"function":{"name":"api"},"message":"[runtime-status] [9172] Functions runtime initialized. {\"cwd\":\"/Users/meganmason/Desktop/reactSoloProject/client/functions\",\"node_version\":\"14.16.0\"}"}}
[debug] [2021-05-05T19:45:58.472Z] [runtime-status] [9172] Disabled runtime features: undefined {"metadata":{"emulator":{"name":"functions"},"function":{"name":"api"},"message":"[runtime-status] [9172] Disabled runtime features: undefined"}}
[debug] [2021-05-05T19:45:58.509Z] [runtime-status] [9172] Resolved module firebase-admin {"declared":true,"installed":true,"version":"9.7.0","resolution":"/Users/meganmason/Desktop/reactSoloProject/client/functions/node_modules/firebase-admin/lib/index.js"} {"metadata":{"emulator":{"name":"functions"},"function":{"name":"api"},"message":"[runtime-status] [9172] Resolved module firebase-admin {\"declared\":true,\"installed\":true,\"version\":\"9.7.0\",\"resolution\":\"/Users/meganmason/Desktop/reactSoloProject/client/functions/node_modules/firebase-admin/lib/index.js\"}"}}
[debug] [2021-05-05T19:45:58.517Z] [runtime-status] [9172] Resolved module firebase-functions {"declared":true,"installed":true,"version":"3.13.2","resolution":"/Users/meganmason/Desktop/reactSoloProject/client/functions/node_modules/firebase-functions/lib/index.js"} {"metadata":{"emulator":{"name":"functions"},"function":{"name":"api"},"message":"[runtime-status] [9172] Resolved module firebase-functions {\"declared\":true,\"installed\":true,\"version\":\"3.13.2\",\"resolution\":\"/Users/meganmason/Desktop/reactSoloProject/client/functions/node_modules/firebase-functions/lib/index.js\"}"}}
[debug] [2021-05-05T19:45:58.524Z] [runtime-status] [9172] Resolved module firebase-functions {"declared":true,"installed":true,"version":"3.13.2","resolution":"/Users/meganmason/Desktop/reactSoloProject/client/functions/node_modules/firebase-functions/lib/index.js"} {"metadata":{"emulator":{"name":"functions"},"function":{"name":"api"},"message":"[runtime-status] [9172] Resolved module firebase-functions {\"declared\":true,\"installed\":true,\"version\":\"3.13.2\",\"resolution\":\"/Users/meganmason/Desktop/reactSoloProject/client/functions/node_modules/firebase-functions/lib/index.js\"}"}}
[debug] [2021-05-05T19:45:58.529Z] [runtime-status] [9172] Outgoing network have been stubbed. [{"name":"http","status":"mocked"},{"name":"http","status":"mocked"},{"name":"https","status":"mocked"},{"name":"https","status":"mocked"},{"name":"net","status":"mocked"}] {"metadata":{"emulator":{"name":"functions"},"function":{"name":"api"},"message":"[runtime-status] [9172] Outgoing network have been stubbed. [{\"name\":\"http\",\"status\":\"mocked\"},{\"name\":\"http\",\"status\":\"mocked\"},{\"name\":\"https\",\"status\":\"mocked\"},{\"name\":\"https\",\"status\":\"mocked\"},{\"name\":\"net\",\"status\":\"mocked\"}]"}}
[debug] [2021-05-05T19:45:58.530Z] [runtime-status] [9172] Resolved module firebase-functions {"declared":true,"installed":true,"version":"3.13.2","resolution":"/Users/meganmason/Desktop/reactSoloProject/client/functions/node_modules/firebase-functions/lib/index.js"} {"metadata":{"emulator":{"name":"functions"},"function":{"name":"api"},"message":"[runtime-status] [9172] Resolved module firebase-functions {\"declared\":true,\"installed\":true,\"version\":\"3.13.2\",\"resolution\":\"/Users/meganmason/Desktop/reactSoloProject/client/functions/node_modules/firebase-functions/lib/index.js\"}"}}
[debug] [2021-05-05T19:45:58.742Z] [runtime-status] [9172] Checked functions.config() {"config":{}} {"metadata":{"emulator":{"name":"functions"},"function":{"name":"api"},"message":"[runtime-status] [9172] Checked functions.config() {\"config\":{}}"}}
[debug] [2021-05-05T19:45:58.743Z] [runtime-status] [9172] firebase-functions has been stubbed. {"functionsResolution":{"declared":true,"installed":true,"version":"3.13.2","resolution":"/Users/meganmason/Desktop/reactSoloProject/client/functions/node_modules/firebase-functions/lib/index.js"}} {"metadata":{"emulator":{"name":"functions"},"function":{"name":"api"},"message":"[runtime-status] [9172] firebase-functions has been stubbed. {\"functionsResolution\":{\"declared\":true,\"installed\":true,\"version\":\"3.13.2\",\"resolution\":\"/Users/meganmason/Desktop/reactSoloProject/client/functions/node_modules/firebase-functions/lib/index.js\"}}"}}
[debug] [2021-05-05T19:45:58.743Z] [runtime-status] [9172] Resolved module firebase-functions {"declared":true,"installed":true,"version":"3.13.2","resolution":"/Users/meganmason/Desktop/reactSoloProject/client/functions/node_modules/firebase-functions/lib/index.js"} {"metadata":{"emulator":{"name":"functions"},"function":{"name":"api"},"message":"[runtime-status] [9172] Resolved module firebase-functions {\"declared\":true,\"installed\":true,\"version\":\"3.13.2\",\"resolution\":\"/Users/meganmason/Desktop/reactSoloProject/client/functions/node_modules/firebase-functions/lib/index.js\"}"}}
[debug] [2021-05-05T19:45:58.746Z] [runtime-status] [9172] Resolved module firebase-admin {"declared":true,"installed":true,"version":"9.7.0","resolution":"/Users/meganmason/Desktop/reactSoloProject/client/functions/node_modules/firebase-admin/lib/index.js"} {"metadata":{"emulator":{"name":"functions"},"function":{"name":"api"},"message":"[runtime-status] [9172] Resolved module firebase-admin {\"declared\":true,\"installed\":true,\"version\":\"9.7.0\",\"resolution\":\"/Users/meganmason/Desktop/reactSoloProject/client/functions/node_modules/firebase-admin/lib/index.js\"}"}}
[debug] [2021-05-05T19:45:58.748Z] [runtime-status] [9172] Resolved module firebase-functions {"declared":true,"installed":true,"version":"3.13.2","resolution":"/Users/meganmason/Desktop/reactSoloProject/client/functions/node_modules/firebase-functions/lib/index.js"} {"metadata":{"emulator":{"name":"functions"},"function":{"name":"api"},"message":"[runtime-status] [9172] Resolved module firebase-functions {\"declared\":true,\"installed\":true,\"version\":\"3.13.2\",\"resolution\":\"/Users/meganmason/Desktop/reactSoloProject/client/functions/node_modules/firebase-functions/lib/index.js\"}"}}
[debug] [2021-05-05T19:45:58.749Z] [runtime-status] [9172] firebase-admin has been stubbed. {"adminResolution":{"declared":true,"installed":true,"version":"9.7.0","resolution":"/Users/meganmason/Desktop/reactSoloProject/client/functions/node_modules/firebase-admin/lib/index.js"}} {"metadata":{"emulator":{"name":"functions"},"function":{"name":"api"},"message":"[runtime-status] [9172] firebase-admin has been stubbed. {\"adminResolution\":{\"declared\":true,\"installed\":true,\"version\":\"9.7.0\",\"resolution\":\"/Users/meganmason/Desktop/reactSoloProject/client/functions/node_modules/firebase-admin/lib/index.js\"}}"}}
[debug] [2021-05-05T19:45:59.508Z] [runtime-status] [9172] initializeApp(DEFAULT) {"storageBucket":"reactsoloproject.appspot.com","projectId":"reactsoloproject"} {"metadata":{"emulator":{"name":"functions"},"function":{"name":"api"},"message":"[runtime-status] [9172] initializeApp(DEFAULT) {\"storageBucket\":\"reactsoloproject.appspot.com\",\"projectId\":\"reactsoloproject\"}"}}
[debug] [2021-05-05T19:45:59.527Z] [runtime-status] [9172] Trigger "api" has been found, beginning invocation! {"metadata":{"emulator":{"name":"functions"},"function":{"name":"api"},"message":"[runtime-status] [9172] Trigger \"api\" has been found, beginning invocation!"}}
[info] i  functions: Beginning execution of "api" {"metadata":{"emulator":{"name":"functions"},"function":{"name":"api"},"message":"Beginning execution of \"api\""}}
[debug] [2021-05-05T19:45:59.529Z] [runtime-status] [9172] triggerDefinition {"httpsTrigger":{},"name":"api","entryPoint":"api"} {"metadata":{"emulator":{"name":"functions"},"function":{"name":"api"},"message":"[runtime-status] [9172] triggerDefinition {\"httpsTrigger\":{},\"name\":\"api\",\"entryPoint\":\"api\"}"}}
[debug] [2021-05-05T19:45:59.530Z] [runtime-status] [9172] Running api in mode HTTPS {"metadata":{"emulator":{"name":"functions"},"function":{"name":"api"},"message":"[runtime-status] [9172] Running api in mode HTTPS"}}
[debug] [2021-05-05T19:45:59.538Z] [runtime-status] [9172] Attempting to listen to socketPath: /var/folders/zz/p3plq9wx3xxg_nh62fzdnmzr0000gn/T/fire_emu_9172.sock {"metadata":{"emulator":{"name":"functions"},"function":{"name":"api"},"message":"[runtime-status] [9172] Attempting to listen to socketPath: /var/folders/zz/p3plq9wx3xxg_nh62fzdnmzr0000gn/T/fire_emu_9172.sock"}}
[debug] [2021-05-05T19:45:59.550Z] [functions] Runtime ready! Sending request! {"metadata":{"emulator":{"name":"functions"},"message":"[functions] Runtime ready! Sending request!"}}
[debug] [2021-05-05T19:45:59.551Z] [functions] Got req.url=/reactsoloproject/us-central1/api/payments/create?total=25096, mapping to path=/payments/create?total=25096 {"metadata":{"emulator":{"name":"functions"},"message":"[functions] Got req.url=/reactsoloproject/us-central1/api/payments/create?total=25096, mapping to path=/payments/create?total=25096"}}
[debug] [2021-05-05T19:45:59.577Z] [runtime-status] [9172] Ephemeral server handling POST request {"metadata":{"emulator":{"name":"functions"},"function":{"name":"api"},"message":"[runtime-status] [9172] Ephemeral server handling POST request"}}
[info] >  Payment Request Received for this amount >>> 25096 {"user":"Payment Request Received for this amount >>> 25096","metadata":{"emulator":{"name":"functions"},"function":{"name":"api"},"message":"\u001b[90m> \u001b[39m Payment Request Received for this amount >>> 25096"}}
[debug] [2021-05-05T19:45:59.614Z] [runtime-status] [9172] Ephemeral server survived. {"metadata":{"emulator":{"name":"functions"},"function":{"name":"api"},"message":"[runtime-status] [9172] Ephemeral server survived."}}
[info] i  functions: Finished "api" in ~1s {"metadata":{"emulator":{"name":"functions"},"function":{"name":"api"},"message":"Finished \"api\" in ~1s"}}
[debug] [2021-05-05T19:46:00.767Z] [worker-api-4096149c-ae9b-4a83-b2d9-1d624c9dcae5]: IDLE {"metadata":{"emulator":{"name":"functions"},"message":"[worker-api-4096149c-ae9b-4a83-b2d9-1d624c9dcae5]: IDLE"}}
[debug] [2021-05-05T19:46:00.767Z] [work-queue] {"queueLength":0,"workRunningCount":1}
[debug] [2021-05-05T19:46:12.365Z] [work-queue] {"queueLength":1,"workRunningCount":1}
[debug] [2021-05-05T19:46:12.366Z] [work-queue] {"queueLength":0,"workRunningCount":2}
[debug] [2021-05-05T19:46:12.366Z] Accepted request POST /reactsoloproject/us-central1/api/payments/create?total=0 --> api
[debug] [2021-05-05T19:46:12.366Z] [worker-pool] submitWork(triggerId=api) {"metadata":{"emulator":{"name":"functions"},"message":"[worker-pool] submitWork(triggerId=api)"}}
[debug] [2021-05-05T19:46:12.367Z] [worker-api-4096149c-ae9b-4a83-b2d9-1d624c9dcae5]: Assigning socketPath: /var/folders/zz/p3plq9wx3xxg_nh62fzdnmzr0000gn/T/fire_emu_9172.sock {"metadata":{"emulator":{"name":"functions"},"message":"[worker-api-4096149c-ae9b-4a83-b2d9-1d624c9dcae5]: Assigning socketPath: /var/folders/zz/p3plq9wx3xxg_nh62fzdnmzr0000gn/T/fire_emu_9172.sock"}}
[debug] [2021-05-05T19:46:12.367Z] [worker-api-4096149c-ae9b-4a83-b2d9-1d624c9dcae5]: BUSY {"metadata":{"emulator":{"name":"functions"},"message":"[worker-api-4096149c-ae9b-4a83-b2d9-1d624c9dcae5]: BUSY"}}
[debug] [2021-05-05T19:46:12.371Z] [runtime-status] [9172] Trigger "api" has been found, beginning invocation! {"metadata":{"emulator":{"name":"functions"},"function":{"name":"api"},"message":"[runtime-status] [9172] Trigger \"api\" has been found, beginning invocation!"}}
[info] i  functions: Beginning execution of "api" {"metadata":{"emulator":{"name":"functions"},"function":{"name":"api"},"message":"Beginning execution of \"api\""}}
[debug] [2021-05-05T19:46:12.375Z] [runtime-status] [9172] triggerDefinition {"httpsTrigger":{},"name":"api","entryPoint":"api"} {"metadata":{"emulator":{"name":"functions"},"function":{"name":"api"},"message":"[runtime-status] [9172] triggerDefinition {\"httpsTrigger\":{},\"name\":\"api\",\"entryPoint\":\"api\"}"}}
[debug] [2021-05-05T19:46:12.375Z] [runtime-status] [9172] Running api in mode HTTPS {"metadata":{"emulator":{"name":"functions"},"function":{"name":"api"},"message":"[runtime-status] [9172] Running api in mode HTTPS"}}
[debug] [2021-05-05T19:46:12.377Z] [runtime-status] [9172] Attempting to listen to socketPath: /var/folders/zz/p3plq9wx3xxg_nh62fzdnmzr0000gn/T/fire_emu_9172.sock {"metadata":{"emulator":{"name":"functions"},"function":{"name":"api"},"message":"[runtime-status] [9172] Attempting to listen to socketPath: /var/folders/zz/p3plq9wx3xxg_nh62fzdnmzr0000gn/T/fire_emu_9172.sock"}}
[debug] [2021-05-05T19:46:12.378Z] [functions] Runtime ready! Sending request! {"metadata":{"emulator":{"name":"functions"},"message":"[functions] Runtime ready! Sending request!"}}
[debug] [2021-05-05T19:46:12.379Z] [functions] Got req.url=/reactsoloproject/us-central1/api/payments/create?total=0, mapping to path=/payments/create?total=0 {"metadata":{"emulator":{"name":"functions"},"message":"[functions] Got req.url=/reactsoloproject/us-central1/api/payments/create?total=0, mapping to path=/payments/create?total=0"}}
[debug] [2021-05-05T19:46:12.393Z] [runtime-status] [9172] Ephemeral server handling POST request {"metadata":{"emulator":{"name":"functions"},"function":{"name":"api"},"message":"[runtime-status] [9172] Ephemeral server handling POST request"}}
[info] >  Payment Request Received for this amount >>> 0 {"user":"Payment Request Received for this amount >>> 0","metadata":{"emulator":{"name":"functions"},"function":{"name":"api"},"message":"\u001b[90m> \u001b[39m Payment Request Received for this amount >>> 0"}}
[debug] [2021-05-05T19:46:12.400Z] [runtime-status] [9172] Ephemeral server survived. {"metadata":{"emulator":{"name":"functions"},"function":{"name":"api"},"message":"[runtime-status] [9172] Ephemeral server survived."}}
[info] >  (node:9172) UnhandledPromiseRejectionWarning: Error: This value must be greater than or equal to 1. {"user":"(node:9172) UnhandledPromiseRejectionWarning: Error: This value must be greater than or equal to 1.","metadata":{"emulator":{"name":"functions"},"function":{"name":"api"},"message":"\u001b[90m> \u001b[39m (node:9172) UnhandledPromiseRejectionWarning: Error: This value must be greater than or equal to 1."}}
[info] >      at Function.generate (/Users/meganmason/Desktop/reactSoloProject/client/functions/node_modules/stripe/lib/Error.js:40:16) {"user":"    at Function.generate (/Users/meganmason/Desktop/reactSoloProject/client/functions/node_modules/stripe/lib/Error.js:40:16)","metadata":{"emulator":{"name":"functions"},"function":{"name":"api"},"message":"\u001b[90m> \u001b[39m     at Function.generate (/Users/meganmason/Desktop/reactSoloProject/client/functions/node_modules/stripe/lib/Error.js:40:16)"}}
[info] >      at IncomingMessage.<anonymous> (/Users/meganmason/Desktop/reactSoloProject/client/functions/node_modules/stripe/lib/StripeResource.js:180:33) {"user":"    at IncomingMessage.<anonymous> (/Users/meganmason/Desktop/reactSoloProject/client/functions/node_modules/stripe/lib/StripeResource.js:180:33)","metadata":{"emulator":{"name":"functions"},"function":{"name":"api"},"message":"\u001b[90m> \u001b[39m     at IncomingMessage.<anonymous> (/Users/meganmason/Desktop/reactSoloProject/client/functions/node_modules/stripe/lib/StripeResource.js:180:33)"}}
[info] >      at Object.onceWrapper (events.js:421:28) {"user":"    at Object.onceWrapper (events.js:421:28)","metadata":{"emulator":{"name":"functions"},"function":{"name":"api"},"message":"\u001b[90m> \u001b[39m     at Object.onceWrapper (events.js:421:28)"}}
[info] >      at IncomingMessage.emit (events.js:327:22) {"user":"    at IncomingMessage.emit (events.js:327:22)","metadata":{"emulator":{"name":"functions"},"function":{"name":"api"},"message":"\u001b[90m> \u001b[39m     at IncomingMessage.emit (events.js:327:22)"}}
[info] >      at endReadableNT (internal/streams/readable.js:1327:12) {"user":"    at endReadableNT (internal/streams/readable.js:1327:12)","metadata":{"emulator":{"name":"functions"},"function":{"name":"api"},"message":"\u001b[90m> \u001b[39m     at endReadableNT (internal/streams/readable.js:1327:12)"}}
[info] >      at processTicksAndRejections (internal/process/task_queues.js:80:21) {"user":"    at processTicksAndRejections (internal/process/task_queues.js:80:21)","metadata":{"emulator":{"name":"functions"},"function":{"name":"api"},"message":"\u001b[90m> \u001b[39m     at processTicksAndRejections (internal/process/task_queues.js:80:21)"}}
[info] >  (Use `node --trace-warnings ...` to show where the warning was created) {"user":"(Use `node --trace-warnings ...` to show where the warning was created)","metadata":{"emulator":{"name":"functions"},"function":{"name":"api"},"message":"\u001b[90m> \u001b[39m (Use `node --trace-warnings ...` to show where the warning was created)"}}
[info] >  (node:9172) UnhandledPromiseRejectionWarning: Unhandled promise rejection. This error originated either by throwing inside of an async function without a catch block, or by rejecting a promise which was not handled with .catch(). To terminate the node process on unhandled promise rejection, use the CLI flag `--unhandled-rejections=strict` (see https://nodejs.org/api/cli.html#cli_unhandled_rejections_mode). (rejection id: 1) {"user":"(node:9172) UnhandledPromiseRejectionWarning: Unhandled promise rejection. This error originated either by throwing inside of an async function without a catch block, or by rejecting a promise which was not handled with .catch(). To terminate the node process on unhandled promise rejection, use the CLI flag `--unhandled-rejections=strict` (see https://nodejs.org/api/cli.html#cli_unhandled_rejections_mode). (rejection id: 1)","metadata":{"emulator":{"name":"functions"},"function":{"name":"api"},"message":"\u001b[90m> \u001b[39m (node:9172) UnhandledPromiseRejectionWarning: Unhandled promise rejection. This error originated either by throwing inside of an async function without a catch block, or by rejecting a promise which was not handled with .catch(). To terminate the node process on unhandled promise rejection, use the CLI flag `--unhandled-rejections=strict` (see https://nodejs.org/api/cli.html#cli_unhandled_rejections_mode). (rejection id: 1)"}}
[info] >  (node:9172) [DEP0018] DeprecationWarning: Unhandled promise rejections are deprecated. In the future, promise rejections that are not handled will terminate the Node.js process with a non-zero exit code. {"user":"(node:9172) [DEP0018] DeprecationWarning: Unhandled promise rejections are deprecated. In the future, promise rejections that are not handled will terminate the Node.js process with a non-zero exit code.","metadata":{"emulator":{"name":"functions"},"function":{"name":"api"},"message":"\u001b[90m> \u001b[39m (node:9172) [DEP0018] DeprecationWarning: Unhandled promise rejections are deprecated. In the future, promise rejections that are not handled will terminate the Node.js process with a non-zero exit code."}}
[warn] ⚠  functions: Your function timed out after ~60s. To configure this timeout, see
      https://firebase.google.com/docs/functions/manage-functions#set_timeout_and_memory_allocation. {"metadata":{"emulator":{"name":"functions"},"function":{"name":"api"},"message":"Your function timed out after ~60s. To configure this timeout, see\n      https://firebase.google.com/docs/functions/manage-functions#set_timeout_and_memory_allocation."}}
[info] >  /usr/local/lib/node_modules/firebase-tools/lib/emulator/functionsEmulatorRuntime.js:644 {"user":"/usr/local/lib/node_modules/firebase-tools/lib/emulator/functionsEmulatorRuntime.js:644","metadata":{"emulator":{"name":"functions"},"function":{"name":"api"},"message":"\u001b[90m> \u001b[39m /usr/local/lib/node_modules/firebase-tools/lib/emulator/functionsEmulatorRuntime.js:644"}}
[info] >              throw new Error("Function timed out."); {"user":"            throw new Error(\"Function timed out.\");","metadata":{"emulator":{"name":"functions"},"function":{"name":"api"},"message":"\u001b[90m> \u001b[39m             throw new Error(\"Function timed out.\");"}}
[info] >              ^ {"user":"            ^","metadata":{"emulator":{"name":"functions"},"function":{"name":"api"},"message":"\u001b[90m> \u001b[39m             ^"}}
[info] >   {"user":"","metadata":{"emulator":{"name":"functions"},"function":{"name":"api"},"message":"\u001b[90m> \u001b[39m "}}
[info] >  Error: Function timed out. {"user":"Error: Function timed out.","metadata":{"emulator":{"name":"functions"},"function":{"name":"api"},"message":"\u001b[90m> \u001b[39m Error: Function timed out."}}
[info] >      at Timeout._onTimeout (/usr/local/lib/node_modules/firebase-tools/lib/emulator/functionsEmulatorRuntime.js:644:19) {"user":"    at Timeout._onTimeout (/usr/local/lib/node_modules/firebase-tools/lib/emulator/functionsEmulatorRuntime.js:644:19)","metadata":{"emulator":{"name":"functions"},"function":{"name":"api"},"message":"\u001b[90m> \u001b[39m     at Timeout._onTimeout (/usr/local/lib/node_modules/firebase-tools/lib/emulator/functionsEmulatorRuntime.js:644:19)"}}
[info] >      at listOnTimeout (internal/timers.js:554:17) {"user":"    at listOnTimeout (internal/timers.js:554:17)","metadata":{"emulator":{"name":"functions"},"function":{"name":"api"},"message":"\u001b[90m> \u001b[39m     at listOnTimeout (internal/timers.js:554:17)"}}
[info] >      at processTimers (internal/timers.js:497:7) {"user":"    at processTimers (internal/timers.js:497:7)","metadata":{"emulator":{"name":"functions"},"function":{"name":"api"},"message":"\u001b[90m> \u001b[39m     at processTimers (internal/timers.js:497:7)"}}
[debug] [2021-05-05T19:46:48.641Z] [worker-api-611fe7a8-2f18-4154-9e46-0d9423ca47ae]: exited {"metadata":{"emulator":{"name":"functions"},"message":"[worker-api-611fe7a8-2f18-4154-9e46-0d9423ca47ae]: exited"}}
[debug] [2021-05-05T19:46:48.643Z] [worker-api-611fe7a8-2f18-4154-9e46-0d9423ca47ae]: FINISHED {"metadata":{"emulator":{"name":"functions"},"message":"[worker-api-611fe7a8-2f18-4154-9e46-0d9423ca47ae]: FINISHED"}}
[debug] [2021-05-05T19:46:48.643Z] [work-queue] {"queueLength":0,"workRunningCount":1}
[warn] ⚠  functions: Your function timed out after ~60s. To configure this timeout, see
      https://firebase.google.com/docs/functions/manage-functions#set_timeout_and_memory_allocation. {"metadata":{"emulator":{"name":"functions"},"function":{"name":"api"},"message":"Your function timed out after ~60s. To configure this timeout, see\n      https://firebase.google.com/docs/functions/manage-functions#set_timeout_and_memory_allocation."}}
[info] >  /usr/local/lib/node_modules/firebase-tools/lib/emulator/functionsEmulatorRuntime.js:644 {"user":"/usr/local/lib/node_modules/firebase-tools/lib/emulator/functionsEmulatorRuntime.js:644","metadata":{"emulator":{"name":"functions"},"function":{"name":"api"},"message":"\u001b[90m> \u001b[39m /usr/local/lib/node_modules/firebase-tools/lib/emulator/functionsEmulatorRuntime.js:644"}}
[info] >              throw new Error("Function timed out."); {"user":"            throw new Error(\"Function timed out.\");","metadata":{"emulator":{"name":"functions"},"function":{"name":"api"},"message":"\u001b[90m> \u001b[39m             throw new Error(\"Function timed out.\");"}}
[info] >              ^ {"user":"            ^","metadata":{"emulator":{"name":"functions"},"function":{"name":"api"},"message":"\u001b[90m> \u001b[39m             ^"}}
[info] >   {"user":"","metadata":{"emulator":{"name":"functions"},"function":{"name":"api"},"message":"\u001b[90m> \u001b[39m "}}
[info] >  Error: Function timed out. {"user":"Error: Function timed out.","metadata":{"emulator":{"name":"functions"},"function":{"name":"api"},"message":"\u001b[90m> \u001b[39m Error: Function timed out."}}
[info] >      at Timeout._onTimeout (/usr/local/lib/node_modules/firebase-tools/lib/emulator/functionsEmulatorRuntime.js:644:19) {"user":"    at Timeout._onTimeout (/usr/local/lib/node_modules/firebase-tools/lib/emulator/functionsEmulatorRuntime.js:644:19)","metadata":{"emulator":{"name":"functions"},"function":{"name":"api"},"message":"\u001b[90m> \u001b[39m     at Timeout._onTimeout (/usr/local/lib/node_modules/firebase-tools/lib/emulator/functionsEmulatorRuntime.js:644:19)"}}
[info] >      at listOnTimeout (internal/timers.js:554:17) {"user":"    at listOnTimeout (internal/timers.js:554:17)","metadata":{"emulator":{"name":"functions"},"function":{"name":"api"},"message":"\u001b[90m> \u001b[39m     at listOnTimeout (internal/timers.js:554:17)"}}
[info] >      at processTimers (internal/timers.js:497:7) {"user":"    at processTimers (internal/timers.js:497:7)","metadata":{"emulator":{"name":"functions"},"function":{"name":"api"},"message":"\u001b[90m> \u001b[39m     at processTimers (internal/timers.js:497:7)"}}
[debug] [2021-05-05T19:47:12.437Z] [worker-api-4096149c-ae9b-4a83-b2d9-1d624c9dcae5]: exited {"metadata":{"emulator":{"name":"functions"},"message":"[worker-api-4096149c-ae9b-4a83-b2d9-1d624c9dcae5]: exited"}}
[debug] [2021-05-05T19:47:12.438Z] [worker-api-4096149c-ae9b-4a83-b2d9-1d624c9dcae5]: FINISHED {"metadata":{"emulator":{"name":"functions"},"message":"[worker-api-4096149c-ae9b-4a83-b2d9-1d624c9dcae5]: FINISHED"}}
[debug] [2021-05-05T19:47:12.438Z] [work-queue] {"queueLength":0,"workRunningCount":0}
